[2019-10-09 02:01:38] test.ERROR: Exception: Unsupported Language:  in /Users/betterbrent/Code/getting-started-php/background-processing/app/routes/web.php:44
Stack trace:
#0 [internal function]: AppTest->{closure}(Object(Laravel\Lumen\Http\Request))
#1 /Users/betterbrent/Code/getting-started-php/background-processing/app/vendor/illuminate/container/BoundMethod.php(32): call_user_func_array(Object(Closure), Array)
#2 /Users/betterbrent/Code/getting-started-php/background-processing/app/vendor/illuminate/container/BoundMethod.php(78): Illuminate\Container\BoundMethod::Illuminate\Container\{closure}()
#3 /Users/betterbrent/Code/getting-started-php/background-processing/app/vendor/illuminate/container/BoundMethod.php(34): Illuminate\Container\BoundMethod::callBoundMethod(Object(Laravel\Lumen\Application), Object(Closure), Object(Closure))
#4 /Users/betterbrent/Code/getting-started-php/background-processing/app/vendor/illuminate/container/Container.php(576): Illuminate\Container\BoundMethod::call(Object(Laravel\Lumen\Application), Object(Closure), Array, NULL)
#5 /Users/betterbrent/Code/getting-started-php/background-processing/app/vendor/laravel/lumen-framework/src/Concerns/RoutesRequests.php(289): Illuminate\Container\Container->call(Object(Closure), Array)
#6 /Users/betterbrent/Code/getting-started-php/background-processing/app/vendor/laravel/lumen-framework/src/Concerns/RoutesRequests.php(263): Laravel\Lumen\Application->callActionOnArrayBasedRoute(Array)
#7 /Users/betterbrent/Code/getting-started-php/background-processing/app/vendor/laravel/lumen-framework/src/Concerns/RoutesRequests.php(165): Laravel\Lumen\Application->handleFoundRoute(Array)
#8 /Users/betterbrent/Code/getting-started-php/background-processing/app/vendor/laravel/lumen-framework/src/Concerns/RoutesRequests.php(416): Laravel\Lumen\Application->Laravel\Lumen\Concerns\{closure}(Object(Laravel\Lumen\Http\Request))
#9 /Users/betterbrent/Code/getting-started-php/background-processing/app/vendor/laravel/lumen-framework/src/Concerns/RoutesRequests.php(171): Laravel\Lumen\Application->sendThroughPipeline(Array, Object(Closure))
#10 /Users/betterbrent/Code/getting-started-php/background-processing/app/vendor/laravel/lumen-framework/src/Concerns/RoutesRequests.php(91): Laravel\Lumen\Application->dispatch(Object(Laravel\Lumen\Http\Request))
#11 /Users/betterbrent/Code/getting-started-php/background-processing/app/vendor/laravel/lumen-framework/src/Testing/Concerns/MakesHttpRequests.php(388): Laravel\Lumen\Application->handle(Object(Laravel\Lumen\Http\Request))
#12 /Users/betterbrent/Code/getting-started-php/background-processing/app/test/AppTest.php(55): Laravel\Lumen\Testing\TestCase->call('POST', '/request-transl...')
#13 [internal function]: AppTest->testRequestTranslationWithInvalidLanguage()
#14 /Users/betterbrent/.composer/vendor/phpunit/phpunit/src/Framework/TestCase.php(1062): ReflectionMethod->invokeArgs(Object(AppTest), Array)
#15 /Users/betterbrent/.composer/vendor/phpunit/phpunit/src/Framework/TestCase.php(913): PHPUnit_Framework_TestCase->runTest()
#16 /Users/betterbrent/.composer/vendor/phpunit/phpunit/src/Framework/TestResult.php(686): PHPUnit_Framework_TestCase->runBare()
#17 /Users/betterbrent/.composer/vendor/phpunit/phpunit/src/Framework/TestCase.php(868): PHPUnit_Framework_TestResult->run(Object(AppTest))
#18 /Users/betterbrent/.composer/vendor/phpunit/phpunit/src/Framework/TestSuite.php(733): PHPUnit_Framework_TestCase->run(Object(PHPUnit_Framework_TestResult))
#19 /Users/betterbrent/.composer/vendor/phpunit/phpunit/src/Framework/TestSuite.php(733): PHPUnit_Framework_TestSuite->run(Object(PHPUnit_Framework_TestResult))
#20 /Users/betterbrent/.composer/vendor/phpunit/phpunit/src/TextUI/TestRunner.php(517): PHPUnit_Framework_TestSuite->run(Object(PHPUnit_Framework_TestResult))
#21 /Users/betterbrent/.composer/vendor/phpunit/phpunit/src/TextUI/Command.php(186): PHPUnit_TextUI_TestRunner->doRun(Object(PHPUnit_Framework_TestSuite), Array, true)
#22 /Users/betterbrent/.composer/vendor/phpunit/phpunit/src/TextUI/Command.php(116): PHPUnit_TextUI_Command->run(Array, true)
#23 /Users/betterbrent/.composer/vendor/phpunit/phpunit/phpunit(52): PHPUnit_TextUI_Command::main()
#24 {main} {"exception":"[object] (Exception(code: 0): Unsupported Language:  at /Users/betterbrent/Code/getting-started-php/background-processing/app/routes/web.php:44)
[stacktrace]
#0 [internal function]: AppTest->{closure}(Object(Laravel\\Lumen\\Http\\Request))
#1 /Users/betterbrent/Code/getting-started-php/background-processing/app/vendor/illuminate/container/BoundMethod.php(32): call_user_func_array(Object(Closure), Array)
#2 /Users/betterbrent/Code/getting-started-php/background-processing/app/vendor/illuminate/container/BoundMethod.php(78): Illuminate\\Container\\BoundMethod::Illuminate\\Container\\{closure}()
#3 /Users/betterbrent/Code/getting-started-php/background-processing/app/vendor/illuminate/container/BoundMethod.php(34): Illuminate\\Container\\BoundMethod::callBoundMethod(Object(Laravel\\Lumen\\Application), Object(Closure), Object(Closure))
#4 /Users/betterbrent/Code/getting-started-php/background-processing/app/vendor/illuminate/container/Container.php(576): Illuminate\\Container\\BoundMethod::call(Object(Laravel\\Lumen\\Application), Object(Closure), Array, NULL)
#5 /Users/betterbrent/Code/getting-started-php/background-processing/app/vendor/laravel/lumen-framework/src/Concerns/RoutesRequests.php(289): Illuminate\\Container\\Container->call(Object(Closure), Array)
#6 /Users/betterbrent/Code/getting-started-php/background-processing/app/vendor/laravel/lumen-framework/src/Concerns/RoutesRequests.php(263): Laravel\\Lumen\\Application->callActionOnArrayBasedRoute(Array)
#7 /Users/betterbrent/Code/getting-started-php/background-processing/app/vendor/laravel/lumen-framework/src/Concerns/RoutesRequests.php(165): Laravel\\Lumen\\Application->handleFoundRoute(Array)
#8 /Users/betterbrent/Code/getting-started-php/background-processing/app/vendor/laravel/lumen-framework/src/Concerns/RoutesRequests.php(416): Laravel\\Lumen\\Application->Laravel\\Lumen\\Concerns\\{closure}(Object(Laravel\\Lumen\\Http\\Request))
#9 /Users/betterbrent/Code/getting-started-php/background-processing/app/vendor/laravel/lumen-framework/src/Concerns/RoutesRequests.php(171): Laravel\\Lumen\\Application->sendThroughPipeline(Array, Object(Closure))
#10 /Users/betterbrent/Code/getting-started-php/background-processing/app/vendor/laravel/lumen-framework/src/Concerns/RoutesRequests.php(91): Laravel\\Lumen\\Application->dispatch(Object(Laravel\\Lumen\\Http\\Request))
#11 /Users/betterbrent/Code/getting-started-php/background-processing/app/vendor/laravel/lumen-framework/src/Testing/Concerns/MakesHttpRequests.php(388): Laravel\\Lumen\\Application->handle(Object(Laravel\\Lumen\\Http\\Request))
#12 /Users/betterbrent/Code/getting-started-php/background-processing/app/test/AppTest.php(55): Laravel\\Lumen\\Testing\\TestCase->call('POST', '/request-transl...')
#13 [internal function]: AppTest->testRequestTranslationWithInvalidLanguage()
#14 /Users/betterbrent/.composer/vendor/phpunit/phpunit/src/Framework/TestCase.php(1062): ReflectionMethod->invokeArgs(Object(AppTest), Array)
#15 /Users/betterbrent/.composer/vendor/phpunit/phpunit/src/Framework/TestCase.php(913): PHPUnit_Framework_TestCase->runTest()
#16 /Users/betterbrent/.composer/vendor/phpunit/phpunit/src/Framework/TestResult.php(686): PHPUnit_Framework_TestCase->runBare()
#17 /Users/betterbrent/.composer/vendor/phpunit/phpunit/src/Framework/TestCase.php(868): PHPUnit_Framework_TestResult->run(Object(AppTest))
#18 /Users/betterbrent/.composer/vendor/phpunit/phpunit/src/Framework/TestSuite.php(733): PHPUnit_Framework_TestCase->run(Object(PHPUnit_Framework_TestResult))
#19 /Users/betterbrent/.composer/vendor/phpunit/phpunit/src/Framework/TestSuite.php(733): PHPUnit_Framework_TestSuite->run(Object(PHPUnit_Framework_TestResult))
#20 /Users/betterbrent/.composer/vendor/phpunit/phpunit/src/TextUI/TestRunner.php(517): PHPUnit_Framework_TestSuite->run(Object(PHPUnit_Framework_TestResult))
#21 /Users/betterbrent/.composer/vendor/phpunit/phpunit/src/TextUI/Command.php(186): PHPUnit_TextUI_TestRunner->doRun(Object(PHPUnit_Framework_TestSuite), Array, true)
#22 /Users/betterbrent/.composer/vendor/phpunit/phpunit/src/TextUI/Command.php(116): PHPUnit_TextUI_Command->run(Array, true)
#23 /Users/betterbrent/.composer/vendor/phpunit/phpunit/phpunit(52): PHPUnit_TextUI_Command::main()
#24 {main}
"} 
[2019-10-09 02:01:38] test.ERROR: Exception: Unsupported Language: klingonese in /Users/betterbrent/Code/getting-started-php/background-processing/app/routes/web.php:44
Stack trace:
#0 [internal function]: AppTest->{closure}(Object(Laravel\Lumen\Http\Request))
#1 /Users/betterbrent/Code/getting-started-php/background-processing/app/vendor/illuminate/container/BoundMethod.php(32): call_user_func_array(Object(Closure), Array)
#2 /Users/betterbrent/Code/getting-started-php/background-processing/app/vendor/illuminate/container/BoundMethod.php(78): Illuminate\Container\BoundMethod::Illuminate\Container\{closure}()
#3 /Users/betterbrent/Code/getting-started-php/background-processing/app/vendor/illuminate/container/BoundMethod.php(34): Illuminate\Container\BoundMethod::callBoundMethod(Object(Laravel\Lumen\Application), Object(Closure), Object(Closure))
#4 /Users/betterbrent/Code/getting-started-php/background-processing/app/vendor/illuminate/container/Container.php(576): Illuminate\Container\BoundMethod::call(Object(Laravel\Lumen\Application), Object(Closure), Array, NULL)
#5 /Users/betterbrent/Code/getting-started-php/background-processing/app/vendor/laravel/lumen-framework/src/Concerns/RoutesRequests.php(289): Illuminate\Container\Container->call(Object(Closure), Array)
#6 /Users/betterbrent/Code/getting-started-php/background-processing/app/vendor/laravel/lumen-framework/src/Concerns/RoutesRequests.php(263): Laravel\Lumen\Application->callActionOnArrayBasedRoute(Array)
#7 /Users/betterbrent/Code/getting-started-php/background-processing/app/vendor/laravel/lumen-framework/src/Concerns/RoutesRequests.php(165): Laravel\Lumen\Application->handleFoundRoute(Array)
#8 /Users/betterbrent/Code/getting-started-php/background-processing/app/vendor/laravel/lumen-framework/src/Concerns/RoutesRequests.php(416): Laravel\Lumen\Application->Laravel\Lumen\Concerns\{closure}(Object(Laravel\Lumen\Http\Request))
#9 /Users/betterbrent/Code/getting-started-php/background-processing/app/vendor/laravel/lumen-framework/src/Concerns/RoutesRequests.php(171): Laravel\Lumen\Application->sendThroughPipeline(Array, Object(Closure))
#10 /Users/betterbrent/Code/getting-started-php/background-processing/app/vendor/laravel/lumen-framework/src/Concerns/RoutesRequests.php(91): Laravel\Lumen\Application->dispatch(Object(Laravel\Lumen\Http\Request))
#11 /Users/betterbrent/Code/getting-started-php/background-processing/app/vendor/laravel/lumen-framework/src/Testing/Concerns/MakesHttpRequests.php(388): Laravel\Lumen\Application->handle(Object(Laravel\Lumen\Http\Request))
#12 /Users/betterbrent/Code/getting-started-php/background-processing/app/test/AppTest.php(63): Laravel\Lumen\Testing\TestCase->call('POST', '/request-transl...', Array)
#13 [internal function]: AppTest->testRequestTranslationWithInvalidLanguage()
#14 /Users/betterbrent/.composer/vendor/phpunit/phpunit/src/Framework/TestCase.php(1062): ReflectionMethod->invokeArgs(Object(AppTest), Array)
#15 /Users/betterbrent/.composer/vendor/phpunit/phpunit/src/Framework/TestCase.php(913): PHPUnit_Framework_TestCase->runTest()
#16 /Users/betterbrent/.composer/vendor/phpunit/phpunit/src/Framework/TestResult.php(686): PHPUnit_Framework_TestCase->runBare()
#17 /Users/betterbrent/.composer/vendor/phpunit/phpunit/src/Framework/TestCase.php(868): PHPUnit_Framework_TestResult->run(Object(AppTest))
#18 /Users/betterbrent/.composer/vendor/phpunit/phpunit/src/Framework/TestSuite.php(733): PHPUnit_Framework_TestCase->run(Object(PHPUnit_Framework_TestResult))
#19 /Users/betterbrent/.composer/vendor/phpunit/phpunit/src/Framework/TestSuite.php(733): PHPUnit_Framework_TestSuite->run(Object(PHPUnit_Framework_TestResult))
#20 /Users/betterbrent/.composer/vendor/phpunit/phpunit/src/TextUI/TestRunner.php(517): PHPUnit_Framework_TestSuite->run(Object(PHPUnit_Framework_TestResult))
#21 /Users/betterbrent/.composer/vendor/phpunit/phpunit/src/TextUI/Command.php(186): PHPUnit_TextUI_TestRunner->doRun(Object(PHPUnit_Framework_TestSuite), Array, true)
#22 /Users/betterbrent/.composer/vendor/phpunit/phpunit/src/TextUI/Command.php(116): PHPUnit_TextUI_Command->run(Array, true)
#23 /Users/betterbrent/.composer/vendor/phpunit/phpunit/phpunit(52): PHPUnit_TextUI_Command::main()
#24 {main} {"exception":"[object] (Exception(code: 0): Unsupported Language: klingonese at /Users/betterbrent/Code/getting-started-php/background-processing/app/routes/web.php:44)
[stacktrace]
#0 [internal function]: AppTest->{closure}(Object(Laravel\\Lumen\\Http\\Request))
#1 /Users/betterbrent/Code/getting-started-php/background-processing/app/vendor/illuminate/container/BoundMethod.php(32): call_user_func_array(Object(Closure), Array)
#2 /Users/betterbrent/Code/getting-started-php/background-processing/app/vendor/illuminate/container/BoundMethod.php(78): Illuminate\\Container\\BoundMethod::Illuminate\\Container\\{closure}()
#3 /Users/betterbrent/Code/getting-started-php/background-processing/app/vendor/illuminate/container/BoundMethod.php(34): Illuminate\\Container\\BoundMethod::callBoundMethod(Object(Laravel\\Lumen\\Application), Object(Closure), Object(Closure))
#4 /Users/betterbrent/Code/getting-started-php/background-processing/app/vendor/illuminate/container/Container.php(576): Illuminate\\Container\\BoundMethod::call(Object(Laravel\\Lumen\\Application), Object(Closure), Array, NULL)
#5 /Users/betterbrent/Code/getting-started-php/background-processing/app/vendor/laravel/lumen-framework/src/Concerns/RoutesRequests.php(289): Illuminate\\Container\\Container->call(Object(Closure), Array)
#6 /Users/betterbrent/Code/getting-started-php/background-processing/app/vendor/laravel/lumen-framework/src/Concerns/RoutesRequests.php(263): Laravel\\Lumen\\Application->callActionOnArrayBasedRoute(Array)
#7 /Users/betterbrent/Code/getting-started-php/background-processing/app/vendor/laravel/lumen-framework/src/Concerns/RoutesRequests.php(165): Laravel\\Lumen\\Application->handleFoundRoute(Array)
#8 /Users/betterbrent/Code/getting-started-php/background-processing/app/vendor/laravel/lumen-framework/src/Concerns/RoutesRequests.php(416): Laravel\\Lumen\\Application->Laravel\\Lumen\\Concerns\\{closure}(Object(Laravel\\Lumen\\Http\\Request))
#9 /Users/betterbrent/Code/getting-started-php/background-processing/app/vendor/laravel/lumen-framework/src/Concerns/RoutesRequests.php(171): Laravel\\Lumen\\Application->sendThroughPipeline(Array, Object(Closure))
#10 /Users/betterbrent/Code/getting-started-php/background-processing/app/vendor/laravel/lumen-framework/src/Concerns/RoutesRequests.php(91): Laravel\\Lumen\\Application->dispatch(Object(Laravel\\Lumen\\Http\\Request))
#11 /Users/betterbrent/Code/getting-started-php/background-processing/app/vendor/laravel/lumen-framework/src/Testing/Concerns/MakesHttpRequests.php(388): Laravel\\Lumen\\Application->handle(Object(Laravel\\Lumen\\Http\\Request))
#12 /Users/betterbrent/Code/getting-started-php/background-processing/app/test/AppTest.php(63): Laravel\\Lumen\\Testing\\TestCase->call('POST', '/request-transl...', Array)
#13 [internal function]: AppTest->testRequestTranslationWithInvalidLanguage()
#14 /Users/betterbrent/.composer/vendor/phpunit/phpunit/src/Framework/TestCase.php(1062): ReflectionMethod->invokeArgs(Object(AppTest), Array)
#15 /Users/betterbrent/.composer/vendor/phpunit/phpunit/src/Framework/TestCase.php(913): PHPUnit_Framework_TestCase->runTest()
#16 /Users/betterbrent/.composer/vendor/phpunit/phpunit/src/Framework/TestResult.php(686): PHPUnit_Framework_TestCase->runBare()
#17 /Users/betterbrent/.composer/vendor/phpunit/phpunit/src/Framework/TestCase.php(868): PHPUnit_Framework_TestResult->run(Object(AppTest))
#18 /Users/betterbrent/.composer/vendor/phpunit/phpunit/src/Framework/TestSuite.php(733): PHPUnit_Framework_TestCase->run(Object(PHPUnit_Framework_TestResult))
#19 /Users/betterbrent/.composer/vendor/phpunit/phpunit/src/Framework/TestSuite.php(733): PHPUnit_Framework_TestSuite->run(Object(PHPUnit_Framework_TestResult))
#20 /Users/betterbrent/.composer/vendor/phpunit/phpunit/src/TextUI/TestRunner.php(517): PHPUnit_Framework_TestSuite->run(Object(PHPUnit_Framework_TestResult))
#21 /Users/betterbrent/.composer/vendor/phpunit/phpunit/src/TextUI/Command.php(186): PHPUnit_TextUI_TestRunner->doRun(Object(PHPUnit_Framework_TestSuite), Array, true)
#22 /Users/betterbrent/.composer/vendor/phpunit/phpunit/src/TextUI/Command.php(116): PHPUnit_TextUI_Command->run(Array, true)
#23 /Users/betterbrent/.composer/vendor/phpunit/phpunit/phpunit(52): PHPUnit_TextUI_Command::main()
#24 {main}
"} 
[2019-10-09 22:08:56] test.ERROR: Exception: Unsupported Language:  in /Users/betterbrent/Code/getting-started-php/background-processing/app/routes/web.php:44
Stack trace:
#0 [internal function]: AppTest->{closure}(Object(Laravel\Lumen\Http\Request))
#1 /Users/betterbrent/Code/getting-started-php/background-processing/app/vendor/illuminate/container/BoundMethod.php(32): call_user_func_array(Object(Closure), Array)
#2 /Users/betterbrent/Code/getting-started-php/background-processing/app/vendor/illuminate/container/BoundMethod.php(78): Illuminate\Container\BoundMethod::Illuminate\Container\{closure}()
#3 /Users/betterbrent/Code/getting-started-php/background-processing/app/vendor/illuminate/container/BoundMethod.php(34): Illuminate\Container\BoundMethod::callBoundMethod(Object(Laravel\Lumen\Application), Object(Closure), Object(Closure))
#4 /Users/betterbrent/Code/getting-started-php/background-processing/app/vendor/illuminate/container/Container.php(576): Illuminate\Container\BoundMethod::call(Object(Laravel\Lumen\Application), Object(Closure), Array, NULL)
#5 /Users/betterbrent/Code/getting-started-php/background-processing/app/vendor/laravel/lumen-framework/src/Concerns/RoutesRequests.php(289): Illuminate\Container\Container->call(Object(Closure), Array)
#6 /Users/betterbrent/Code/getting-started-php/background-processing/app/vendor/laravel/lumen-framework/src/Concerns/RoutesRequests.php(263): Laravel\Lumen\Application->callActionOnArrayBasedRoute(Array)
#7 /Users/betterbrent/Code/getting-started-php/background-processing/app/vendor/laravel/lumen-framework/src/Concerns/RoutesRequests.php(165): Laravel\Lumen\Application->handleFoundRoute(Array)
#8 /Users/betterbrent/Code/getting-started-php/background-processing/app/vendor/laravel/lumen-framework/src/Concerns/RoutesRequests.php(416): Laravel\Lumen\Application->Laravel\Lumen\Concerns\{closure}(Object(Laravel\Lumen\Http\Request))
#9 /Users/betterbrent/Code/getting-started-php/background-processing/app/vendor/laravel/lumen-framework/src/Concerns/RoutesRequests.php(171): Laravel\Lumen\Application->sendThroughPipeline(Array, Object(Closure))
#10 /Users/betterbrent/Code/getting-started-php/background-processing/app/vendor/laravel/lumen-framework/src/Concerns/RoutesRequests.php(91): Laravel\Lumen\Application->dispatch(Object(Laravel\Lumen\Http\Request))
#11 /Users/betterbrent/Code/getting-started-php/background-processing/app/vendor/laravel/lumen-framework/src/Testing/Concerns/MakesHttpRequests.php(388): Laravel\Lumen\Application->handle(Object(Laravel\Lumen\Http\Request))
#12 /Users/betterbrent/Code/getting-started-php/background-processing/app/test/AppTest.php(55): Laravel\Lumen\Testing\TestCase->call('POST', '/request-transl...')
#13 [internal function]: AppTest->testRequestTranslationWithInvalidLanguage()
#14 /Users/betterbrent/.composer/vendor/phpunit/phpunit/src/Framework/TestCase.php(1062): ReflectionMethod->invokeArgs(Object(AppTest), Array)
#15 /Users/betterbrent/.composer/vendor/phpunit/phpunit/src/Framework/TestCase.php(913): PHPUnit_Framework_TestCase->runTest()
#16 /Users/betterbrent/.composer/vendor/phpunit/phpunit/src/Framework/TestResult.php(686): PHPUnit_Framework_TestCase->runBare()
#17 /Users/betterbrent/.composer/vendor/phpunit/phpunit/src/Framework/TestCase.php(868): PHPUnit_Framework_TestResult->run(Object(AppTest))
#18 /Users/betterbrent/.composer/vendor/phpunit/phpunit/src/Framework/TestSuite.php(733): PHPUnit_Framework_TestCase->run(Object(PHPUnit_Framework_TestResult))
#19 /Users/betterbrent/.composer/vendor/phpunit/phpunit/src/Framework/TestSuite.php(733): PHPUnit_Framework_TestSuite->run(Object(PHPUnit_Framework_TestResult))
#20 /Users/betterbrent/.composer/vendor/phpunit/phpunit/src/TextUI/TestRunner.php(517): PHPUnit_Framework_TestSuite->run(Object(PHPUnit_Framework_TestResult))
#21 /Users/betterbrent/.composer/vendor/phpunit/phpunit/src/TextUI/Command.php(186): PHPUnit_TextUI_TestRunner->doRun(Object(PHPUnit_Framework_TestSuite), Array, true)
#22 /Users/betterbrent/.composer/vendor/phpunit/phpunit/src/TextUI/Command.php(116): PHPUnit_TextUI_Command->run(Array, true)
#23 /Users/betterbrent/.composer/vendor/phpunit/phpunit/phpunit(52): PHPUnit_TextUI_Command::main()
#24 {main} {"exception":"[object] (Exception(code: 0): Unsupported Language:  at /Users/betterbrent/Code/getting-started-php/background-processing/app/routes/web.php:44)
[stacktrace]
#0 [internal function]: AppTest->{closure}(Object(Laravel\\Lumen\\Http\\Request))
#1 /Users/betterbrent/Code/getting-started-php/background-processing/app/vendor/illuminate/container/BoundMethod.php(32): call_user_func_array(Object(Closure), Array)
#2 /Users/betterbrent/Code/getting-started-php/background-processing/app/vendor/illuminate/container/BoundMethod.php(78): Illuminate\\Container\\BoundMethod::Illuminate\\Container\\{closure}()
#3 /Users/betterbrent/Code/getting-started-php/background-processing/app/vendor/illuminate/container/BoundMethod.php(34): Illuminate\\Container\\BoundMethod::callBoundMethod(Object(Laravel\\Lumen\\Application), Object(Closure), Object(Closure))
#4 /Users/betterbrent/Code/getting-started-php/background-processing/app/vendor/illuminate/container/Container.php(576): Illuminate\\Container\\BoundMethod::call(Object(Laravel\\Lumen\\Application), Object(Closure), Array, NULL)
#5 /Users/betterbrent/Code/getting-started-php/background-processing/app/vendor/laravel/lumen-framework/src/Concerns/RoutesRequests.php(289): Illuminate\\Container\\Container->call(Object(Closure), Array)
#6 /Users/betterbrent/Code/getting-started-php/background-processing/app/vendor/laravel/lumen-framework/src/Concerns/RoutesRequests.php(263): Laravel\\Lumen\\Application->callActionOnArrayBasedRoute(Array)
#7 /Users/betterbrent/Code/getting-started-php/background-processing/app/vendor/laravel/lumen-framework/src/Concerns/RoutesRequests.php(165): Laravel\\Lumen\\Application->handleFoundRoute(Array)
#8 /Users/betterbrent/Code/getting-started-php/background-processing/app/vendor/laravel/lumen-framework/src/Concerns/RoutesRequests.php(416): Laravel\\Lumen\\Application->Laravel\\Lumen\\Concerns\\{closure}(Object(Laravel\\Lumen\\Http\\Request))
#9 /Users/betterbrent/Code/getting-started-php/background-processing/app/vendor/laravel/lumen-framework/src/Concerns/RoutesRequests.php(171): Laravel\\Lumen\\Application->sendThroughPipeline(Array, Object(Closure))
#10 /Users/betterbrent/Code/getting-started-php/background-processing/app/vendor/laravel/lumen-framework/src/Concerns/RoutesRequests.php(91): Laravel\\Lumen\\Application->dispatch(Object(Laravel\\Lumen\\Http\\Request))
#11 /Users/betterbrent/Code/getting-started-php/background-processing/app/vendor/laravel/lumen-framework/src/Testing/Concerns/MakesHttpRequests.php(388): Laravel\\Lumen\\Application->handle(Object(Laravel\\Lumen\\Http\\Request))
#12 /Users/betterbrent/Code/getting-started-php/background-processing/app/test/AppTest.php(55): Laravel\\Lumen\\Testing\\TestCase->call('POST', '/request-transl...')
#13 [internal function]: AppTest->testRequestTranslationWithInvalidLanguage()
#14 /Users/betterbrent/.composer/vendor/phpunit/phpunit/src/Framework/TestCase.php(1062): ReflectionMethod->invokeArgs(Object(AppTest), Array)
#15 /Users/betterbrent/.composer/vendor/phpunit/phpunit/src/Framework/TestCase.php(913): PHPUnit_Framework_TestCase->runTest()
#16 /Users/betterbrent/.composer/vendor/phpunit/phpunit/src/Framework/TestResult.php(686): PHPUnit_Framework_TestCase->runBare()
#17 /Users/betterbrent/.composer/vendor/phpunit/phpunit/src/Framework/TestCase.php(868): PHPUnit_Framework_TestResult->run(Object(AppTest))
#18 /Users/betterbrent/.composer/vendor/phpunit/phpunit/src/Framework/TestSuite.php(733): PHPUnit_Framework_TestCase->run(Object(PHPUnit_Framework_TestResult))
#19 /Users/betterbrent/.composer/vendor/phpunit/phpunit/src/Framework/TestSuite.php(733): PHPUnit_Framework_TestSuite->run(Object(PHPUnit_Framework_TestResult))
#20 /Users/betterbrent/.composer/vendor/phpunit/phpunit/src/TextUI/TestRunner.php(517): PHPUnit_Framework_TestSuite->run(Object(PHPUnit_Framework_TestResult))
#21 /Users/betterbrent/.composer/vendor/phpunit/phpunit/src/TextUI/Command.php(186): PHPUnit_TextUI_TestRunner->doRun(Object(PHPUnit_Framework_TestSuite), Array, true)
#22 /Users/betterbrent/.composer/vendor/phpunit/phpunit/src/TextUI/Command.php(116): PHPUnit_TextUI_Command->run(Array, true)
#23 /Users/betterbrent/.composer/vendor/phpunit/phpunit/phpunit(52): PHPUnit_TextUI_Command::main()
#24 {main}
"} 
[2019-10-09 22:08:56] test.ERROR: Exception: Unsupported Language: klingonese in /Users/betterbrent/Code/getting-started-php/background-processing/app/routes/web.php:44
Stack trace:
#0 [internal function]: AppTest->{closure}(Object(Laravel\Lumen\Http\Request))
#1 /Users/betterbrent/Code/getting-started-php/background-processing/app/vendor/illuminate/container/BoundMethod.php(32): call_user_func_array(Object(Closure), Array)
#2 /Users/betterbrent/Code/getting-started-php/background-processing/app/vendor/illuminate/container/BoundMethod.php(78): Illuminate\Container\BoundMethod::Illuminate\Container\{closure}()
#3 /Users/betterbrent/Code/getting-started-php/background-processing/app/vendor/illuminate/container/BoundMethod.php(34): Illuminate\Container\BoundMethod::callBoundMethod(Object(Laravel\Lumen\Application), Object(Closure), Object(Closure))
#4 /Users/betterbrent/Code/getting-started-php/background-processing/app/vendor/illuminate/container/Container.php(576): Illuminate\Container\BoundMethod::call(Object(Laravel\Lumen\Application), Object(Closure), Array, NULL)
#5 /Users/betterbrent/Code/getting-started-php/background-processing/app/vendor/laravel/lumen-framework/src/Concerns/RoutesRequests.php(289): Illuminate\Container\Container->call(Object(Closure), Array)
#6 /Users/betterbrent/Code/getting-started-php/background-processing/app/vendor/laravel/lumen-framework/src/Concerns/RoutesRequests.php(263): Laravel\Lumen\Application->callActionOnArrayBasedRoute(Array)
#7 /Users/betterbrent/Code/getting-started-php/background-processing/app/vendor/laravel/lumen-framework/src/Concerns/RoutesRequests.php(165): Laravel\Lumen\Application->handleFoundRoute(Array)
#8 /Users/betterbrent/Code/getting-started-php/background-processing/app/vendor/laravel/lumen-framework/src/Concerns/RoutesRequests.php(416): Laravel\Lumen\Application->Laravel\Lumen\Concerns\{closure}(Object(Laravel\Lumen\Http\Request))
#9 /Users/betterbrent/Code/getting-started-php/background-processing/app/vendor/laravel/lumen-framework/src/Concerns/RoutesRequests.php(171): Laravel\Lumen\Application->sendThroughPipeline(Array, Object(Closure))
#10 /Users/betterbrent/Code/getting-started-php/background-processing/app/vendor/laravel/lumen-framework/src/Concerns/RoutesRequests.php(91): Laravel\Lumen\Application->dispatch(Object(Laravel\Lumen\Http\Request))
#11 /Users/betterbrent/Code/getting-started-php/background-processing/app/vendor/laravel/lumen-framework/src/Testing/Concerns/MakesHttpRequests.php(388): Laravel\Lumen\Application->handle(Object(Laravel\Lumen\Http\Request))
#12 /Users/betterbrent/Code/getting-started-php/background-processing/app/test/AppTest.php(63): Laravel\Lumen\Testing\TestCase->call('POST', '/request-transl...', Array)
#13 [internal function]: AppTest->testRequestTranslationWithInvalidLanguage()
#14 /Users/betterbrent/.composer/vendor/phpunit/phpunit/src/Framework/TestCase.php(1062): ReflectionMethod->invokeArgs(Object(AppTest), Array)
#15 /Users/betterbrent/.composer/vendor/phpunit/phpunit/src/Framework/TestCase.php(913): PHPUnit_Framework_TestCase->runTest()
#16 /Users/betterbrent/.composer/vendor/phpunit/phpunit/src/Framework/TestResult.php(686): PHPUnit_Framework_TestCase->runBare()
#17 /Users/betterbrent/.composer/vendor/phpunit/phpunit/src/Framework/TestCase.php(868): PHPUnit_Framework_TestResult->run(Object(AppTest))
#18 /Users/betterbrent/.composer/vendor/phpunit/phpunit/src/Framework/TestSuite.php(733): PHPUnit_Framework_TestCase->run(Object(PHPUnit_Framework_TestResult))
#19 /Users/betterbrent/.composer/vendor/phpunit/phpunit/src/Framework/TestSuite.php(733): PHPUnit_Framework_TestSuite->run(Object(PHPUnit_Framework_TestResult))
#20 /Users/betterbrent/.composer/vendor/phpunit/phpunit/src/TextUI/TestRunner.php(517): PHPUnit_Framework_TestSuite->run(Object(PHPUnit_Framework_TestResult))
#21 /Users/betterbrent/.composer/vendor/phpunit/phpunit/src/TextUI/Command.php(186): PHPUnit_TextUI_TestRunner->doRun(Object(PHPUnit_Framework_TestSuite), Array, true)
#22 /Users/betterbrent/.composer/vendor/phpunit/phpunit/src/TextUI/Command.php(116): PHPUnit_TextUI_Command->run(Array, true)
#23 /Users/betterbrent/.composer/vendor/phpunit/phpunit/phpunit(52): PHPUnit_TextUI_Command::main()
#24 {main} {"exception":"[object] (Exception(code: 0): Unsupported Language: klingonese at /Users/betterbrent/Code/getting-started-php/background-processing/app/routes/web.php:44)
[stacktrace]
#0 [internal function]: AppTest->{closure}(Object(Laravel\\Lumen\\Http\\Request))
#1 /Users/betterbrent/Code/getting-started-php/background-processing/app/vendor/illuminate/container/BoundMethod.php(32): call_user_func_array(Object(Closure), Array)
#2 /Users/betterbrent/Code/getting-started-php/background-processing/app/vendor/illuminate/container/BoundMethod.php(78): Illuminate\\Container\\BoundMethod::Illuminate\\Container\\{closure}()
#3 /Users/betterbrent/Code/getting-started-php/background-processing/app/vendor/illuminate/container/BoundMethod.php(34): Illuminate\\Container\\BoundMethod::callBoundMethod(Object(Laravel\\Lumen\\Application), Object(Closure), Object(Closure))
#4 /Users/betterbrent/Code/getting-started-php/background-processing/app/vendor/illuminate/container/Container.php(576): Illuminate\\Container\\BoundMethod::call(Object(Laravel\\Lumen\\Application), Object(Closure), Array, NULL)
#5 /Users/betterbrent/Code/getting-started-php/background-processing/app/vendor/laravel/lumen-framework/src/Concerns/RoutesRequests.php(289): Illuminate\\Container\\Container->call(Object(Closure), Array)
#6 /Users/betterbrent/Code/getting-started-php/background-processing/app/vendor/laravel/lumen-framework/src/Concerns/RoutesRequests.php(263): Laravel\\Lumen\\Application->callActionOnArrayBasedRoute(Array)
#7 /Users/betterbrent/Code/getting-started-php/background-processing/app/vendor/laravel/lumen-framework/src/Concerns/RoutesRequests.php(165): Laravel\\Lumen\\Application->handleFoundRoute(Array)
#8 /Users/betterbrent/Code/getting-started-php/background-processing/app/vendor/laravel/lumen-framework/src/Concerns/RoutesRequests.php(416): Laravel\\Lumen\\Application->Laravel\\Lumen\\Concerns\\{closure}(Object(Laravel\\Lumen\\Http\\Request))
#9 /Users/betterbrent/Code/getting-started-php/background-processing/app/vendor/laravel/lumen-framework/src/Concerns/RoutesRequests.php(171): Laravel\\Lumen\\Application->sendThroughPipeline(Array, Object(Closure))
#10 /Users/betterbrent/Code/getting-started-php/background-processing/app/vendor/laravel/lumen-framework/src/Concerns/RoutesRequests.php(91): Laravel\\Lumen\\Application->dispatch(Object(Laravel\\Lumen\\Http\\Request))
#11 /Users/betterbrent/Code/getting-started-php/background-processing/app/vendor/laravel/lumen-framework/src/Testing/Concerns/MakesHttpRequests.php(388): Laravel\\Lumen\\Application->handle(Object(Laravel\\Lumen\\Http\\Request))
#12 /Users/betterbrent/Code/getting-started-php/background-processing/app/test/AppTest.php(63): Laravel\\Lumen\\Testing\\TestCase->call('POST', '/request-transl...', Array)
#13 [internal function]: AppTest->testRequestTranslationWithInvalidLanguage()
#14 /Users/betterbrent/.composer/vendor/phpunit/phpunit/src/Framework/TestCase.php(1062): ReflectionMethod->invokeArgs(Object(AppTest), Array)
#15 /Users/betterbrent/.composer/vendor/phpunit/phpunit/src/Framework/TestCase.php(913): PHPUnit_Framework_TestCase->runTest()
#16 /Users/betterbrent/.composer/vendor/phpunit/phpunit/src/Framework/TestResult.php(686): PHPUnit_Framework_TestCase->runBare()
#17 /Users/betterbrent/.composer/vendor/phpunit/phpunit/src/Framework/TestCase.php(868): PHPUnit_Framework_TestResult->run(Object(AppTest))
#18 /Users/betterbrent/.composer/vendor/phpunit/phpunit/src/Framework/TestSuite.php(733): PHPUnit_Framework_TestCase->run(Object(PHPUnit_Framework_TestResult))
#19 /Users/betterbrent/.composer/vendor/phpunit/phpunit/src/Framework/TestSuite.php(733): PHPUnit_Framework_TestSuite->run(Object(PHPUnit_Framework_TestResult))
#20 /Users/betterbrent/.composer/vendor/phpunit/phpunit/src/TextUI/TestRunner.php(517): PHPUnit_Framework_TestSuite->run(Object(PHPUnit_Framework_TestResult))
#21 /Users/betterbrent/.composer/vendor/phpunit/phpunit/src/TextUI/Command.php(186): PHPUnit_TextUI_TestRunner->doRun(Object(PHPUnit_Framework_TestSuite), Array, true)
#22 /Users/betterbrent/.composer/vendor/phpunit/phpunit/src/TextUI/Command.php(116): PHPUnit_TextUI_Command->run(Array, true)
#23 /Users/betterbrent/.composer/vendor/phpunit/phpunit/phpunit(52): PHPUnit_TextUI_Command::main()
#24 {main}
"} 
[2019-10-09 22:09:17] test.ERROR: Exception: Unsupported Language:  in /Users/betterbrent/Code/getting-started-php/background-processing/app/routes/web.php:44
Stack trace:
#0 [internal function]: AppTest->{closure}(Object(Laravel\Lumen\Http\Request))
#1 /Users/betterbrent/Code/getting-started-php/background-processing/app/vendor/illuminate/container/BoundMethod.php(32): call_user_func_array(Object(Closure), Array)
#2 /Users/betterbrent/Code/getting-started-php/background-processing/app/vendor/illuminate/container/BoundMethod.php(78): Illuminate\Container\BoundMethod::Illuminate\Container\{closure}()
#3 /Users/betterbrent/Code/getting-started-php/background-processing/app/vendor/illuminate/container/BoundMethod.php(34): Illuminate\Container\BoundMethod::callBoundMethod(Object(Laravel\Lumen\Application), Object(Closure), Object(Closure))
#4 /Users/betterbrent/Code/getting-started-php/background-processing/app/vendor/illuminate/container/Container.php(576): Illuminate\Container\BoundMethod::call(Object(Laravel\Lumen\Application), Object(Closure), Array, NULL)
#5 /Users/betterbrent/Code/getting-started-php/background-processing/app/vendor/laravel/lumen-framework/src/Concerns/RoutesRequests.php(289): Illuminate\Container\Container->call(Object(Closure), Array)
#6 /Users/betterbrent/Code/getting-started-php/background-processing/app/vendor/laravel/lumen-framework/src/Concerns/RoutesRequests.php(263): Laravel\Lumen\Application->callActionOnArrayBasedRoute(Array)
#7 /Users/betterbrent/Code/getting-started-php/background-processing/app/vendor/laravel/lumen-framework/src/Concerns/RoutesRequests.php(165): Laravel\Lumen\Application->handleFoundRoute(Array)
#8 /Users/betterbrent/Code/getting-started-php/background-processing/app/vendor/laravel/lumen-framework/src/Concerns/RoutesRequests.php(416): Laravel\Lumen\Application->Laravel\Lumen\Concerns\{closure}(Object(Laravel\Lumen\Http\Request))
#9 /Users/betterbrent/Code/getting-started-php/background-processing/app/vendor/laravel/lumen-framework/src/Concerns/RoutesRequests.php(171): Laravel\Lumen\Application->sendThroughPipeline(Array, Object(Closure))
#10 /Users/betterbrent/Code/getting-started-php/background-processing/app/vendor/laravel/lumen-framework/src/Concerns/RoutesRequests.php(91): Laravel\Lumen\Application->dispatch(Object(Laravel\Lumen\Http\Request))
#11 /Users/betterbrent/Code/getting-started-php/background-processing/app/vendor/laravel/lumen-framework/src/Testing/Concerns/MakesHttpRequests.php(388): Laravel\Lumen\Application->handle(Object(Laravel\Lumen\Http\Request))
#12 /Users/betterbrent/Code/getting-started-php/background-processing/app/test/AppTest.php(55): Laravel\Lumen\Testing\TestCase->call('POST', '/request-transl...')
#13 [internal function]: AppTest->testRequestTranslationWithInvalidLanguage()
#14 /Users/betterbrent/.composer/vendor/phpunit/phpunit/src/Framework/TestCase.php(1062): ReflectionMethod->invokeArgs(Object(AppTest), Array)
#15 /Users/betterbrent/.composer/vendor/phpunit/phpunit/src/Framework/TestCase.php(913): PHPUnit_Framework_TestCase->runTest()
#16 /Users/betterbrent/.composer/vendor/phpunit/phpunit/src/Framework/TestResult.php(686): PHPUnit_Framework_TestCase->runBare()
#17 /Users/betterbrent/.composer/vendor/phpunit/phpunit/src/Framework/TestCase.php(868): PHPUnit_Framework_TestResult->run(Object(AppTest))
#18 /Users/betterbrent/.composer/vendor/phpunit/phpunit/src/Framework/TestSuite.php(733): PHPUnit_Framework_TestCase->run(Object(PHPUnit_Framework_TestResult))
#19 /Users/betterbrent/.composer/vendor/phpunit/phpunit/src/Framework/TestSuite.php(733): PHPUnit_Framework_TestSuite->run(Object(PHPUnit_Framework_TestResult))
#20 /Users/betterbrent/.composer/vendor/phpunit/phpunit/src/TextUI/TestRunner.php(517): PHPUnit_Framework_TestSuite->run(Object(PHPUnit_Framework_TestResult))
#21 /Users/betterbrent/.composer/vendor/phpunit/phpunit/src/TextUI/Command.php(186): PHPUnit_TextUI_TestRunner->doRun(Object(PHPUnit_Framework_TestSuite), Array, true)
#22 /Users/betterbrent/.composer/vendor/phpunit/phpunit/src/TextUI/Command.php(116): PHPUnit_TextUI_Command->run(Array, true)
#23 /Users/betterbrent/.composer/vendor/phpunit/phpunit/phpunit(52): PHPUnit_TextUI_Command::main()
#24 {main} {"exception":"[object] (Exception(code: 0): Unsupported Language:  at /Users/betterbrent/Code/getting-started-php/background-processing/app/routes/web.php:44)
[stacktrace]
#0 [internal function]: AppTest->{closure}(Object(Laravel\\Lumen\\Http\\Request))
#1 /Users/betterbrent/Code/getting-started-php/background-processing/app/vendor/illuminate/container/BoundMethod.php(32): call_user_func_array(Object(Closure), Array)
#2 /Users/betterbrent/Code/getting-started-php/background-processing/app/vendor/illuminate/container/BoundMethod.php(78): Illuminate\\Container\\BoundMethod::Illuminate\\Container\\{closure}()
#3 /Users/betterbrent/Code/getting-started-php/background-processing/app/vendor/illuminate/container/BoundMethod.php(34): Illuminate\\Container\\BoundMethod::callBoundMethod(Object(Laravel\\Lumen\\Application), Object(Closure), Object(Closure))
#4 /Users/betterbrent/Code/getting-started-php/background-processing/app/vendor/illuminate/container/Container.php(576): Illuminate\\Container\\BoundMethod::call(Object(Laravel\\Lumen\\Application), Object(Closure), Array, NULL)
#5 /Users/betterbrent/Code/getting-started-php/background-processing/app/vendor/laravel/lumen-framework/src/Concerns/RoutesRequests.php(289): Illuminate\\Container\\Container->call(Object(Closure), Array)
#6 /Users/betterbrent/Code/getting-started-php/background-processing/app/vendor/laravel/lumen-framework/src/Concerns/RoutesRequests.php(263): Laravel\\Lumen\\Application->callActionOnArrayBasedRoute(Array)
#7 /Users/betterbrent/Code/getting-started-php/background-processing/app/vendor/laravel/lumen-framework/src/Concerns/RoutesRequests.php(165): Laravel\\Lumen\\Application->handleFoundRoute(Array)
#8 /Users/betterbrent/Code/getting-started-php/background-processing/app/vendor/laravel/lumen-framework/src/Concerns/RoutesRequests.php(416): Laravel\\Lumen\\Application->Laravel\\Lumen\\Concerns\\{closure}(Object(Laravel\\Lumen\\Http\\Request))
#9 /Users/betterbrent/Code/getting-started-php/background-processing/app/vendor/laravel/lumen-framework/src/Concerns/RoutesRequests.php(171): Laravel\\Lumen\\Application->sendThroughPipeline(Array, Object(Closure))
#10 /Users/betterbrent/Code/getting-started-php/background-processing/app/vendor/laravel/lumen-framework/src/Concerns/RoutesRequests.php(91): Laravel\\Lumen\\Application->dispatch(Object(Laravel\\Lumen\\Http\\Request))
#11 /Users/betterbrent/Code/getting-started-php/background-processing/app/vendor/laravel/lumen-framework/src/Testing/Concerns/MakesHttpRequests.php(388): Laravel\\Lumen\\Application->handle(Object(Laravel\\Lumen\\Http\\Request))
#12 /Users/betterbrent/Code/getting-started-php/background-processing/app/test/AppTest.php(55): Laravel\\Lumen\\Testing\\TestCase->call('POST', '/request-transl...')
#13 [internal function]: AppTest->testRequestTranslationWithInvalidLanguage()
#14 /Users/betterbrent/.composer/vendor/phpunit/phpunit/src/Framework/TestCase.php(1062): ReflectionMethod->invokeArgs(Object(AppTest), Array)
#15 /Users/betterbrent/.composer/vendor/phpunit/phpunit/src/Framework/TestCase.php(913): PHPUnit_Framework_TestCase->runTest()
#16 /Users/betterbrent/.composer/vendor/phpunit/phpunit/src/Framework/TestResult.php(686): PHPUnit_Framework_TestCase->runBare()
#17 /Users/betterbrent/.composer/vendor/phpunit/phpunit/src/Framework/TestCase.php(868): PHPUnit_Framework_TestResult->run(Object(AppTest))
#18 /Users/betterbrent/.composer/vendor/phpunit/phpunit/src/Framework/TestSuite.php(733): PHPUnit_Framework_TestCase->run(Object(PHPUnit_Framework_TestResult))
#19 /Users/betterbrent/.composer/vendor/phpunit/phpunit/src/Framework/TestSuite.php(733): PHPUnit_Framework_TestSuite->run(Object(PHPUnit_Framework_TestResult))
#20 /Users/betterbrent/.composer/vendor/phpunit/phpunit/src/TextUI/TestRunner.php(517): PHPUnit_Framework_TestSuite->run(Object(PHPUnit_Framework_TestResult))
#21 /Users/betterbrent/.composer/vendor/phpunit/phpunit/src/TextUI/Command.php(186): PHPUnit_TextUI_TestRunner->doRun(Object(PHPUnit_Framework_TestSuite), Array, true)
#22 /Users/betterbrent/.composer/vendor/phpunit/phpunit/src/TextUI/Command.php(116): PHPUnit_TextUI_Command->run(Array, true)
#23 /Users/betterbrent/.composer/vendor/phpunit/phpunit/phpunit(52): PHPUnit_TextUI_Command::main()
#24 {main}
"} 
[2019-10-09 22:09:17] test.ERROR: Exception: Unsupported Language: klingonese in /Users/betterbrent/Code/getting-started-php/background-processing/app/routes/web.php:44
Stack trace:
#0 [internal function]: AppTest->{closure}(Object(Laravel\Lumen\Http\Request))
#1 /Users/betterbrent/Code/getting-started-php/background-processing/app/vendor/illuminate/container/BoundMethod.php(32): call_user_func_array(Object(Closure), Array)
#2 /Users/betterbrent/Code/getting-started-php/background-processing/app/vendor/illuminate/container/BoundMethod.php(78): Illuminate\Container\BoundMethod::Illuminate\Container\{closure}()
#3 /Users/betterbrent/Code/getting-started-php/background-processing/app/vendor/illuminate/container/BoundMethod.php(34): Illuminate\Container\BoundMethod::callBoundMethod(Object(Laravel\Lumen\Application), Object(Closure), Object(Closure))
#4 /Users/betterbrent/Code/getting-started-php/background-processing/app/vendor/illuminate/container/Container.php(576): Illuminate\Container\BoundMethod::call(Object(Laravel\Lumen\Application), Object(Closure), Array, NULL)
#5 /Users/betterbrent/Code/getting-started-php/background-processing/app/vendor/laravel/lumen-framework/src/Concerns/RoutesRequests.php(289): Illuminate\Container\Container->call(Object(Closure), Array)
#6 /Users/betterbrent/Code/getting-started-php/background-processing/app/vendor/laravel/lumen-framework/src/Concerns/RoutesRequests.php(263): Laravel\Lumen\Application->callActionOnArrayBasedRoute(Array)
#7 /Users/betterbrent/Code/getting-started-php/background-processing/app/vendor/laravel/lumen-framework/src/Concerns/RoutesRequests.php(165): Laravel\Lumen\Application->handleFoundRoute(Array)
#8 /Users/betterbrent/Code/getting-started-php/background-processing/app/vendor/laravel/lumen-framework/src/Concerns/RoutesRequests.php(416): Laravel\Lumen\Application->Laravel\Lumen\Concerns\{closure}(Object(Laravel\Lumen\Http\Request))
#9 /Users/betterbrent/Code/getting-started-php/background-processing/app/vendor/laravel/lumen-framework/src/Concerns/RoutesRequests.php(171): Laravel\Lumen\Application->sendThroughPipeline(Array, Object(Closure))
#10 /Users/betterbrent/Code/getting-started-php/background-processing/app/vendor/laravel/lumen-framework/src/Concerns/RoutesRequests.php(91): Laravel\Lumen\Application->dispatch(Object(Laravel\Lumen\Http\Request))
#11 /Users/betterbrent/Code/getting-started-php/background-processing/app/vendor/laravel/lumen-framework/src/Testing/Concerns/MakesHttpRequests.php(388): Laravel\Lumen\Application->handle(Object(Laravel\Lumen\Http\Request))
#12 /Users/betterbrent/Code/getting-started-php/background-processing/app/test/AppTest.php(63): Laravel\Lumen\Testing\TestCase->call('POST', '/request-transl...', Array)
#13 [internal function]: AppTest->testRequestTranslationWithInvalidLanguage()
#14 /Users/betterbrent/.composer/vendor/phpunit/phpunit/src/Framework/TestCase.php(1062): ReflectionMethod->invokeArgs(Object(AppTest), Array)
#15 /Users/betterbrent/.composer/vendor/phpunit/phpunit/src/Framework/TestCase.php(913): PHPUnit_Framework_TestCase->runTest()
#16 /Users/betterbrent/.composer/vendor/phpunit/phpunit/src/Framework/TestResult.php(686): PHPUnit_Framework_TestCase->runBare()
#17 /Users/betterbrent/.composer/vendor/phpunit/phpunit/src/Framework/TestCase.php(868): PHPUnit_Framework_TestResult->run(Object(AppTest))
#18 /Users/betterbrent/.composer/vendor/phpunit/phpunit/src/Framework/TestSuite.php(733): PHPUnit_Framework_TestCase->run(Object(PHPUnit_Framework_TestResult))
#19 /Users/betterbrent/.composer/vendor/phpunit/phpunit/src/Framework/TestSuite.php(733): PHPUnit_Framework_TestSuite->run(Object(PHPUnit_Framework_TestResult))
#20 /Users/betterbrent/.composer/vendor/phpunit/phpunit/src/TextUI/TestRunner.php(517): PHPUnit_Framework_TestSuite->run(Object(PHPUnit_Framework_TestResult))
#21 /Users/betterbrent/.composer/vendor/phpunit/phpunit/src/TextUI/Command.php(186): PHPUnit_TextUI_TestRunner->doRun(Object(PHPUnit_Framework_TestSuite), Array, true)
#22 /Users/betterbrent/.composer/vendor/phpunit/phpunit/src/TextUI/Command.php(116): PHPUnit_TextUI_Command->run(Array, true)
#23 /Users/betterbrent/.composer/vendor/phpunit/phpunit/phpunit(52): PHPUnit_TextUI_Command::main()
#24 {main} {"exception":"[object] (Exception(code: 0): Unsupported Language: klingonese at /Users/betterbrent/Code/getting-started-php/background-processing/app/routes/web.php:44)
[stacktrace]
#0 [internal function]: AppTest->{closure}(Object(Laravel\\Lumen\\Http\\Request))
#1 /Users/betterbrent/Code/getting-started-php/background-processing/app/vendor/illuminate/container/BoundMethod.php(32): call_user_func_array(Object(Closure), Array)
#2 /Users/betterbrent/Code/getting-started-php/background-processing/app/vendor/illuminate/container/BoundMethod.php(78): Illuminate\\Container\\BoundMethod::Illuminate\\Container\\{closure}()
#3 /Users/betterbrent/Code/getting-started-php/background-processing/app/vendor/illuminate/container/BoundMethod.php(34): Illuminate\\Container\\BoundMethod::callBoundMethod(Object(Laravel\\Lumen\\Application), Object(Closure), Object(Closure))
#4 /Users/betterbrent/Code/getting-started-php/background-processing/app/vendor/illuminate/container/Container.php(576): Illuminate\\Container\\BoundMethod::call(Object(Laravel\\Lumen\\Application), Object(Closure), Array, NULL)
#5 /Users/betterbrent/Code/getting-started-php/background-processing/app/vendor/laravel/lumen-framework/src/Concerns/RoutesRequests.php(289): Illuminate\\Container\\Container->call(Object(Closure), Array)
#6 /Users/betterbrent/Code/getting-started-php/background-processing/app/vendor/laravel/lumen-framework/src/Concerns/RoutesRequests.php(263): Laravel\\Lumen\\Application->callActionOnArrayBasedRoute(Array)
#7 /Users/betterbrent/Code/getting-started-php/background-processing/app/vendor/laravel/lumen-framework/src/Concerns/RoutesRequests.php(165): Laravel\\Lumen\\Application->handleFoundRoute(Array)
#8 /Users/betterbrent/Code/getting-started-php/background-processing/app/vendor/laravel/lumen-framework/src/Concerns/RoutesRequests.php(416): Laravel\\Lumen\\Application->Laravel\\Lumen\\Concerns\\{closure}(Object(Laravel\\Lumen\\Http\\Request))
#9 /Users/betterbrent/Code/getting-started-php/background-processing/app/vendor/laravel/lumen-framework/src/Concerns/RoutesRequests.php(171): Laravel\\Lumen\\Application->sendThroughPipeline(Array, Object(Closure))
#10 /Users/betterbrent/Code/getting-started-php/background-processing/app/vendor/laravel/lumen-framework/src/Concerns/RoutesRequests.php(91): Laravel\\Lumen\\Application->dispatch(Object(Laravel\\Lumen\\Http\\Request))
#11 /Users/betterbrent/Code/getting-started-php/background-processing/app/vendor/laravel/lumen-framework/src/Testing/Concerns/MakesHttpRequests.php(388): Laravel\\Lumen\\Application->handle(Object(Laravel\\Lumen\\Http\\Request))
#12 /Users/betterbrent/Code/getting-started-php/background-processing/app/test/AppTest.php(63): Laravel\\Lumen\\Testing\\TestCase->call('POST', '/request-transl...', Array)
#13 [internal function]: AppTest->testRequestTranslationWithInvalidLanguage()
#14 /Users/betterbrent/.composer/vendor/phpunit/phpunit/src/Framework/TestCase.php(1062): ReflectionMethod->invokeArgs(Object(AppTest), Array)
#15 /Users/betterbrent/.composer/vendor/phpunit/phpunit/src/Framework/TestCase.php(913): PHPUnit_Framework_TestCase->runTest()
#16 /Users/betterbrent/.composer/vendor/phpunit/phpunit/src/Framework/TestResult.php(686): PHPUnit_Framework_TestCase->runBare()
#17 /Users/betterbrent/.composer/vendor/phpunit/phpunit/src/Framework/TestCase.php(868): PHPUnit_Framework_TestResult->run(Object(AppTest))
#18 /Users/betterbrent/.composer/vendor/phpunit/phpunit/src/Framework/TestSuite.php(733): PHPUnit_Framework_TestCase->run(Object(PHPUnit_Framework_TestResult))
#19 /Users/betterbrent/.composer/vendor/phpunit/phpunit/src/Framework/TestSuite.php(733): PHPUnit_Framework_TestSuite->run(Object(PHPUnit_Framework_TestResult))
#20 /Users/betterbrent/.composer/vendor/phpunit/phpunit/src/TextUI/TestRunner.php(517): PHPUnit_Framework_TestSuite->run(Object(PHPUnit_Framework_TestResult))
#21 /Users/betterbrent/.composer/vendor/phpunit/phpunit/src/TextUI/Command.php(186): PHPUnit_TextUI_TestRunner->doRun(Object(PHPUnit_Framework_TestSuite), Array, true)
#22 /Users/betterbrent/.composer/vendor/phpunit/phpunit/src/TextUI/Command.php(116): PHPUnit_TextUI_Command->run(Array, true)
#23 /Users/betterbrent/.composer/vendor/phpunit/phpunit/phpunit(52): PHPUnit_TextUI_Command::main()
#24 {main}
"} 
