[2019-08-22 01:39:58] production.ERROR: Symfony\Component\Debug\Exception\FatalThrowableError: syntax error, unexpected '$router' (T_VARIABLE) in /Users/betterbrent/Code/getting-started-php/background-processing/app/routes/web.php:33
Stack trace:
#0 [internal function]: {closure}(Object(Laravel\Lumen\Routing\Router))
#1 /Users/betterbrent/Code/getting-started-php/background-processing/app/vendor/laravel/lumen-framework/src/Routing/Router.php(62): call_user_func(Object(Closure), Object(Laravel\Lumen\Routing\Router))
#2 /Users/betterbrent/Code/getting-started-php/background-processing/app/index.php(48): Laravel\Lumen\Routing\Router->group(Array, Object(Closure))
#3 {main} {"exception":"[object] (Symfony\\Component\\Debug\\Exception\\FatalThrowableError(code: 0): syntax error, unexpected '$router' (T_VARIABLE) at /Users/betterbrent/Code/getting-started-php/background-processing/app/routes/web.php:33)
[stacktrace]
#0 [internal function]: {closure}(Object(Laravel\\Lumen\\Routing\\Router))
#1 /Users/betterbrent/Code/getting-started-php/background-processing/app/vendor/laravel/lumen-framework/src/Routing/Router.php(62): call_user_func(Object(Closure), Object(Laravel\\Lumen\\Routing\\Router))
#2 /Users/betterbrent/Code/getting-started-php/background-processing/app/index.php(48): Laravel\\Lumen\\Routing\\Router->group(Array, Object(Closure))
#3 {main}
"} 
[2019-08-22 01:40:37] production.ERROR: Symfony\Component\Debug\Exception\FatalThrowableError: syntax error, unexpected '$router' (T_VARIABLE) in /Users/betterbrent/Code/getting-started-php/background-processing/app/routes/web.php:33
Stack trace:
#0 [internal function]: {closure}(Object(Laravel\Lumen\Routing\Router))
#1 /Users/betterbrent/Code/getting-started-php/background-processing/app/vendor/laravel/lumen-framework/src/Routing/Router.php(62): call_user_func(Object(Closure), Object(Laravel\Lumen\Routing\Router))
#2 /Users/betterbrent/Code/getting-started-php/background-processing/app/index.php(48): Laravel\Lumen\Routing\Router->group(Array, Object(Closure))
#3 {main} {"exception":"[object] (Symfony\\Component\\Debug\\Exception\\FatalThrowableError(code: 0): syntax error, unexpected '$router' (T_VARIABLE) at /Users/betterbrent/Code/getting-started-php/background-processing/app/routes/web.php:33)
[stacktrace]
#0 [internal function]: {closure}(Object(Laravel\\Lumen\\Routing\\Router))
#1 /Users/betterbrent/Code/getting-started-php/background-processing/app/vendor/laravel/lumen-framework/src/Routing/Router.php(62): call_user_func(Object(Closure), Object(Laravel\\Lumen\\Routing\\Router))
#2 /Users/betterbrent/Code/getting-started-php/background-processing/app/index.php(48): Laravel\\Lumen\\Routing\\Router->group(Array, Object(Closure))
#3 {main}
"} 
[2019-08-22 01:40:48] production.ERROR: ErrorException: Undefined variable: book in /Users/betterbrent/Code/getting-started-php/background-processing/app/resources/views/home.php:50
Stack trace:
#0 /Users/betterbrent/Code/getting-started-php/background-processing/app/resources/views/home.php(50): Laravel\Lumen\Application->Laravel\Lumen\Concerns\{closure}(8, 'Undefined varia...', '/Users/betterbr...', 50, Array)
#1 /Users/betterbrent/Code/getting-started-php/background-processing/app/vendor/illuminate/view/Engines/PhpEngine.php(43): include('/Users/betterbr...')
#2 /Users/betterbrent/Code/getting-started-php/background-processing/app/vendor/illuminate/view/Engines/PhpEngine.php(21): Illuminate\View\Engines\PhpEngine->evaluatePath('/Users/betterbr...', Array)
#3 /Users/betterbrent/Code/getting-started-php/background-processing/app/vendor/illuminate/view/View.php(142): Illuminate\View\Engines\PhpEngine->get('/Users/betterbr...', Array)
#4 /Users/betterbrent/Code/getting-started-php/background-processing/app/vendor/illuminate/view/View.php(125): Illuminate\View\View->getContents()
#5 /Users/betterbrent/Code/getting-started-php/background-processing/app/vendor/illuminate/view/View.php(90): Illuminate\View\View->renderContents()
#6 /Users/betterbrent/Code/getting-started-php/background-processing/app/vendor/illuminate/http/Response.php(42): Illuminate\View\View->render()
#7 /Users/betterbrent/Code/getting-started-php/background-processing/app/vendor/symfony/http-foundation/Response.php(202): Illuminate\Http\Response->setContent(Object(Illuminate\View\View))
#8 /Users/betterbrent/Code/getting-started-php/background-processing/app/vendor/laravel/lumen-framework/src/Concerns/RoutesRequests.php(436): Symfony\Component\HttpFoundation\Response->__construct(Object(Illuminate\View\View))
#9 /Users/betterbrent/Code/getting-started-php/background-processing/app/vendor/laravel/lumen-framework/src/Concerns/RoutesRequests.php(289): Laravel\Lumen\Application->prepareResponse(Object(Illuminate\View\View))
#10 /Users/betterbrent/Code/getting-started-php/background-processing/app/vendor/laravel/lumen-framework/src/Concerns/RoutesRequests.php(263): Laravel\Lumen\Application->callActionOnArrayBasedRoute(Array)
#11 /Users/betterbrent/Code/getting-started-php/background-processing/app/vendor/laravel/lumen-framework/src/Concerns/RoutesRequests.php(165): Laravel\Lumen\Application->handleFoundRoute(Array)
#12 /Users/betterbrent/Code/getting-started-php/background-processing/app/vendor/laravel/lumen-framework/src/Concerns/RoutesRequests.php(416): Laravel\Lumen\Application->Laravel\Lumen\Concerns\{closure}(Object(Laravel\Lumen\Http\Request))
#13 /Users/betterbrent/Code/getting-started-php/background-processing/app/vendor/laravel/lumen-framework/src/Concerns/RoutesRequests.php(171): Laravel\Lumen\Application->sendThroughPipeline(Array, Object(Closure))
#14 /Users/betterbrent/Code/getting-started-php/background-processing/app/vendor/laravel/lumen-framework/src/Concerns/RoutesRequests.php(108): Laravel\Lumen\Application->dispatch(NULL)
#15 /Users/betterbrent/Code/getting-started-php/background-processing/app/index.php(67): Laravel\Lumen\Application->run()
#16 {main} {"exception":"[object] (ErrorException(code: 0): Undefined variable: book at /Users/betterbrent/Code/getting-started-php/background-processing/app/resources/views/home.php:50)
[stacktrace]
#0 /Users/betterbrent/Code/getting-started-php/background-processing/app/resources/views/home.php(50): Laravel\\Lumen\\Application->Laravel\\Lumen\\Concerns\\{closure}(8, 'Undefined varia...', '/Users/betterbr...', 50, Array)
#1 /Users/betterbrent/Code/getting-started-php/background-processing/app/vendor/illuminate/view/Engines/PhpEngine.php(43): include('/Users/betterbr...')
#2 /Users/betterbrent/Code/getting-started-php/background-processing/app/vendor/illuminate/view/Engines/PhpEngine.php(21): Illuminate\\View\\Engines\\PhpEngine->evaluatePath('/Users/betterbr...', Array)
#3 /Users/betterbrent/Code/getting-started-php/background-processing/app/vendor/illuminate/view/View.php(142): Illuminate\\View\\Engines\\PhpEngine->get('/Users/betterbr...', Array)
#4 /Users/betterbrent/Code/getting-started-php/background-processing/app/vendor/illuminate/view/View.php(125): Illuminate\\View\\View->getContents()
#5 /Users/betterbrent/Code/getting-started-php/background-processing/app/vendor/illuminate/view/View.php(90): Illuminate\\View\\View->renderContents()
#6 /Users/betterbrent/Code/getting-started-php/background-processing/app/vendor/illuminate/http/Response.php(42): Illuminate\\View\\View->render()
#7 /Users/betterbrent/Code/getting-started-php/background-processing/app/vendor/symfony/http-foundation/Response.php(202): Illuminate\\Http\\Response->setContent(Object(Illuminate\\View\\View))
#8 /Users/betterbrent/Code/getting-started-php/background-processing/app/vendor/laravel/lumen-framework/src/Concerns/RoutesRequests.php(436): Symfony\\Component\\HttpFoundation\\Response->__construct(Object(Illuminate\\View\\View))
#9 /Users/betterbrent/Code/getting-started-php/background-processing/app/vendor/laravel/lumen-framework/src/Concerns/RoutesRequests.php(289): Laravel\\Lumen\\Application->prepareResponse(Object(Illuminate\\View\\View))
#10 /Users/betterbrent/Code/getting-started-php/background-processing/app/vendor/laravel/lumen-framework/src/Concerns/RoutesRequests.php(263): Laravel\\Lumen\\Application->callActionOnArrayBasedRoute(Array)
#11 /Users/betterbrent/Code/getting-started-php/background-processing/app/vendor/laravel/lumen-framework/src/Concerns/RoutesRequests.php(165): Laravel\\Lumen\\Application->handleFoundRoute(Array)
#12 /Users/betterbrent/Code/getting-started-php/background-processing/app/vendor/laravel/lumen-framework/src/Concerns/RoutesRequests.php(416): Laravel\\Lumen\\Application->Laravel\\Lumen\\Concerns\\{closure}(Object(Laravel\\Lumen\\Http\\Request))
#13 /Users/betterbrent/Code/getting-started-php/background-processing/app/vendor/laravel/lumen-framework/src/Concerns/RoutesRequests.php(171): Laravel\\Lumen\\Application->sendThroughPipeline(Array, Object(Closure))
#14 /Users/betterbrent/Code/getting-started-php/background-processing/app/vendor/laravel/lumen-framework/src/Concerns/RoutesRequests.php(108): Laravel\\Lumen\\Application->dispatch(NULL)
#15 /Users/betterbrent/Code/getting-started-php/background-processing/app/index.php(67): Laravel\\Lumen\\Application->run()
#16 {main}
"} 
[2019-08-22 02:22:23] production.ERROR: Google\Cloud\Core\Exception\NotFoundException: {
    "message": "Resource not found (resource=translate).",
    "code": 5,
    "status": "NOT_FOUND",
    "details": [
        {
            "@type": "google.rpc.debuginfo-bin",
            "stackEntries": [],
            "detail": "Could not find in SpannerConfigStore: TopicByProjectIdAndName(project_id=365898196134, topic_name=translate)"
        },
        {
            "@type": "grpc-status-details-bin",
            "data": "<Unknown Binary Data>"
        }
    ]
} in /Users/betterbrent/Code/getting-started-php/background-processing/app/vendor/google/cloud-core/src/GrpcRequestWrapper.php:257
Stack trace:
#0 /Users/betterbrent/Code/getting-started-php/background-processing/app/vendor/google/cloud-core/src/GrpcRequestWrapper.php(146): Google\Cloud\Core\GrpcRequestWrapper->convertToGoogleException(Object(Google\ApiCore\ApiException))
#1 /Users/betterbrent/Code/getting-started-php/background-processing/app/vendor/google/cloud-core/src/GrpcTrait.php(78): Google\Cloud\Core\GrpcRequestWrapper->send(Array, Array, Array)
#2 /Users/betterbrent/Code/getting-started-php/background-processing/app/vendor/google/cloud-pubsub/src/Connection/Grpc.php(199): Google\Cloud\PubSub\Connection\Grpc->send(Array, Array)
#3 /Users/betterbrent/Code/getting-started-php/background-processing/app/vendor/google/cloud-pubsub/src/Topic.php(465): Google\Cloud\PubSub\Connection\Grpc->publishMessage(Array)
#4 /Users/betterbrent/Code/getting-started-php/background-processing/app/vendor/google/cloud-pubsub/src/Topic.php(423): Google\Cloud\PubSub\Topic->publishBatch(Array, Array)
#5 /Users/betterbrent/Code/getting-started-php/background-processing/app/routes/web.php(52): Google\Cloud\PubSub\Topic->publish(Array)
#6 [internal function]: Closure->{closure}(Object(Laravel\Lumen\Http\Request))
#7 /Users/betterbrent/Code/getting-started-php/background-processing/app/vendor/illuminate/container/BoundMethod.php(32): call_user_func_array(Object(Closure), Array)
#8 /Users/betterbrent/Code/getting-started-php/background-processing/app/vendor/illuminate/container/BoundMethod.php(78): Illuminate\Container\BoundMethod::Illuminate\Container\{closure}()
#9 /Users/betterbrent/Code/getting-started-php/background-processing/app/vendor/illuminate/container/BoundMethod.php(34): Illuminate\Container\BoundMethod::callBoundMethod(Object(Laravel\Lumen\Application), Object(Closure), Object(Closure))
#10 /Users/betterbrent/Code/getting-started-php/background-processing/app/vendor/illuminate/container/Container.php(576): Illuminate\Container\BoundMethod::call(Object(Laravel\Lumen\Application), Object(Closure), Array, NULL)
#11 /Users/betterbrent/Code/getting-started-php/background-processing/app/vendor/laravel/lumen-framework/src/Concerns/RoutesRequests.php(289): Illuminate\Container\Container->call(Object(Closure), Array)
#12 /Users/betterbrent/Code/getting-started-php/background-processing/app/vendor/laravel/lumen-framework/src/Concerns/RoutesRequests.php(263): Laravel\Lumen\Application->callActionOnArrayBasedRoute(Array)
#13 /Users/betterbrent/Code/getting-started-php/background-processing/app/vendor/laravel/lumen-framework/src/Concerns/RoutesRequests.php(165): Laravel\Lumen\Application->handleFoundRoute(Array)
#14 /Users/betterbrent/Code/getting-started-php/background-processing/app/vendor/laravel/lumen-framework/src/Concerns/RoutesRequests.php(416): Laravel\Lumen\Application->Laravel\Lumen\Concerns\{closure}(Object(Laravel\Lumen\Http\Request))
#15 /Users/betterbrent/Code/getting-started-php/background-processing/app/vendor/laravel/lumen-framework/src/Concerns/RoutesRequests.php(171): Laravel\Lumen\Application->sendThroughPipeline(Array, Object(Closure))
#16 /Users/betterbrent/Code/getting-started-php/background-processing/app/vendor/laravel/lumen-framework/src/Concerns/RoutesRequests.php(108): Laravel\Lumen\Application->dispatch(NULL)
#17 /Users/betterbrent/Code/getting-started-php/background-processing/app/index.php(67): Laravel\Lumen\Application->run()
#18 {main} {"exception":"[object] (Google\\Cloud\\Core\\Exception\\NotFoundException(code: 5): {
    \"message\": \"Resource not found (resource=translate).\",
    \"code\": 5,
    \"status\": \"NOT_FOUND\",
    \"details\": [
        {
            \"@type\": \"google.rpc.debuginfo-bin\",
            \"stackEntries\": [],
            \"detail\": \"Could not find in SpannerConfigStore: TopicByProjectIdAndName(project_id=365898196134, topic_name=translate)\"
        },
        {
            \"@type\": \"grpc-status-details-bin\",
            \"data\": \"<Unknown Binary Data>\"
        }
    ]
} at /Users/betterbrent/Code/getting-started-php/background-processing/app/vendor/google/cloud-core/src/GrpcRequestWrapper.php:257)
[stacktrace]
#0 /Users/betterbrent/Code/getting-started-php/background-processing/app/vendor/google/cloud-core/src/GrpcRequestWrapper.php(146): Google\\Cloud\\Core\\GrpcRequestWrapper->convertToGoogleException(Object(Google\\ApiCore\\ApiException))
#1 /Users/betterbrent/Code/getting-started-php/background-processing/app/vendor/google/cloud-core/src/GrpcTrait.php(78): Google\\Cloud\\Core\\GrpcRequestWrapper->send(Array, Array, Array)
#2 /Users/betterbrent/Code/getting-started-php/background-processing/app/vendor/google/cloud-pubsub/src/Connection/Grpc.php(199): Google\\Cloud\\PubSub\\Connection\\Grpc->send(Array, Array)
#3 /Users/betterbrent/Code/getting-started-php/background-processing/app/vendor/google/cloud-pubsub/src/Topic.php(465): Google\\Cloud\\PubSub\\Connection\\Grpc->publishMessage(Array)
#4 /Users/betterbrent/Code/getting-started-php/background-processing/app/vendor/google/cloud-pubsub/src/Topic.php(423): Google\\Cloud\\PubSub\\Topic->publishBatch(Array, Array)
#5 /Users/betterbrent/Code/getting-started-php/background-processing/app/routes/web.php(52): Google\\Cloud\\PubSub\\Topic->publish(Array)
#6 [internal function]: Closure->{closure}(Object(Laravel\\Lumen\\Http\\Request))
#7 /Users/betterbrent/Code/getting-started-php/background-processing/app/vendor/illuminate/container/BoundMethod.php(32): call_user_func_array(Object(Closure), Array)
#8 /Users/betterbrent/Code/getting-started-php/background-processing/app/vendor/illuminate/container/BoundMethod.php(78): Illuminate\\Container\\BoundMethod::Illuminate\\Container\\{closure}()
#9 /Users/betterbrent/Code/getting-started-php/background-processing/app/vendor/illuminate/container/BoundMethod.php(34): Illuminate\\Container\\BoundMethod::callBoundMethod(Object(Laravel\\Lumen\\Application), Object(Closure), Object(Closure))
#10 /Users/betterbrent/Code/getting-started-php/background-processing/app/vendor/illuminate/container/Container.php(576): Illuminate\\Container\\BoundMethod::call(Object(Laravel\\Lumen\\Application), Object(Closure), Array, NULL)
#11 /Users/betterbrent/Code/getting-started-php/background-processing/app/vendor/laravel/lumen-framework/src/Concerns/RoutesRequests.php(289): Illuminate\\Container\\Container->call(Object(Closure), Array)
#12 /Users/betterbrent/Code/getting-started-php/background-processing/app/vendor/laravel/lumen-framework/src/Concerns/RoutesRequests.php(263): Laravel\\Lumen\\Application->callActionOnArrayBasedRoute(Array)
#13 /Users/betterbrent/Code/getting-started-php/background-processing/app/vendor/laravel/lumen-framework/src/Concerns/RoutesRequests.php(165): Laravel\\Lumen\\Application->handleFoundRoute(Array)
#14 /Users/betterbrent/Code/getting-started-php/background-processing/app/vendor/laravel/lumen-framework/src/Concerns/RoutesRequests.php(416): Laravel\\Lumen\\Application->Laravel\\Lumen\\Concerns\\{closure}(Object(Laravel\\Lumen\\Http\\Request))
#15 /Users/betterbrent/Code/getting-started-php/background-processing/app/vendor/laravel/lumen-framework/src/Concerns/RoutesRequests.php(171): Laravel\\Lumen\\Application->sendThroughPipeline(Array, Object(Closure))
#16 /Users/betterbrent/Code/getting-started-php/background-processing/app/vendor/laravel/lumen-framework/src/Concerns/RoutesRequests.php(108): Laravel\\Lumen\\Application->dispatch(NULL)
#17 /Users/betterbrent/Code/getting-started-php/background-processing/app/index.php(67): Laravel\\Lumen\\Application->run()
#18 {main}
"} 
[2019-08-22 02:23:14] production.ERROR: Exception: Unsupported Language:  in /Users/betterbrent/Code/getting-started-php/background-processing/app/routes/web.php:44
Stack trace:
#0 [internal function]: Closure->{closure}(Object(Laravel\Lumen\Http\Request))
#1 /Users/betterbrent/Code/getting-started-php/background-processing/app/vendor/illuminate/container/BoundMethod.php(32): call_user_func_array(Object(Closure), Array)
#2 /Users/betterbrent/Code/getting-started-php/background-processing/app/vendor/illuminate/container/BoundMethod.php(78): Illuminate\Container\BoundMethod::Illuminate\Container\{closure}()
#3 /Users/betterbrent/Code/getting-started-php/background-processing/app/vendor/illuminate/container/BoundMethod.php(34): Illuminate\Container\BoundMethod::callBoundMethod(Object(Laravel\Lumen\Application), Object(Closure), Object(Closure))
#4 /Users/betterbrent/Code/getting-started-php/background-processing/app/vendor/illuminate/container/Container.php(576): Illuminate\Container\BoundMethod::call(Object(Laravel\Lumen\Application), Object(Closure), Array, NULL)
#5 /Users/betterbrent/Code/getting-started-php/background-processing/app/vendor/laravel/lumen-framework/src/Concerns/RoutesRequests.php(289): Illuminate\Container\Container->call(Object(Closure), Array)
#6 /Users/betterbrent/Code/getting-started-php/background-processing/app/vendor/laravel/lumen-framework/src/Concerns/RoutesRequests.php(263): Laravel\Lumen\Application->callActionOnArrayBasedRoute(Array)
#7 /Users/betterbrent/Code/getting-started-php/background-processing/app/vendor/laravel/lumen-framework/src/Concerns/RoutesRequests.php(165): Laravel\Lumen\Application->handleFoundRoute(Array)
#8 /Users/betterbrent/Code/getting-started-php/background-processing/app/vendor/laravel/lumen-framework/src/Concerns/RoutesRequests.php(416): Laravel\Lumen\Application->Laravel\Lumen\Concerns\{closure}(Object(Laravel\Lumen\Http\Request))
#9 /Users/betterbrent/Code/getting-started-php/background-processing/app/vendor/laravel/lumen-framework/src/Concerns/RoutesRequests.php(171): Laravel\Lumen\Application->sendThroughPipeline(Array, Object(Closure))
#10 /Users/betterbrent/Code/getting-started-php/background-processing/app/vendor/laravel/lumen-framework/src/Concerns/RoutesRequests.php(108): Laravel\Lumen\Application->dispatch(NULL)
#11 /Users/betterbrent/Code/getting-started-php/background-processing/app/index.php(67): Laravel\Lumen\Application->run()
#12 {main} {"exception":"[object] (Exception(code: 0): Unsupported Language:  at /Users/betterbrent/Code/getting-started-php/background-processing/app/routes/web.php:44)
[stacktrace]
#0 [internal function]: Closure->{closure}(Object(Laravel\\Lumen\\Http\\Request))
#1 /Users/betterbrent/Code/getting-started-php/background-processing/app/vendor/illuminate/container/BoundMethod.php(32): call_user_func_array(Object(Closure), Array)
#2 /Users/betterbrent/Code/getting-started-php/background-processing/app/vendor/illuminate/container/BoundMethod.php(78): Illuminate\\Container\\BoundMethod::Illuminate\\Container\\{closure}()
#3 /Users/betterbrent/Code/getting-started-php/background-processing/app/vendor/illuminate/container/BoundMethod.php(34): Illuminate\\Container\\BoundMethod::callBoundMethod(Object(Laravel\\Lumen\\Application), Object(Closure), Object(Closure))
#4 /Users/betterbrent/Code/getting-started-php/background-processing/app/vendor/illuminate/container/Container.php(576): Illuminate\\Container\\BoundMethod::call(Object(Laravel\\Lumen\\Application), Object(Closure), Array, NULL)
#5 /Users/betterbrent/Code/getting-started-php/background-processing/app/vendor/laravel/lumen-framework/src/Concerns/RoutesRequests.php(289): Illuminate\\Container\\Container->call(Object(Closure), Array)
#6 /Users/betterbrent/Code/getting-started-php/background-processing/app/vendor/laravel/lumen-framework/src/Concerns/RoutesRequests.php(263): Laravel\\Lumen\\Application->callActionOnArrayBasedRoute(Array)
#7 /Users/betterbrent/Code/getting-started-php/background-processing/app/vendor/laravel/lumen-framework/src/Concerns/RoutesRequests.php(165): Laravel\\Lumen\\Application->handleFoundRoute(Array)
#8 /Users/betterbrent/Code/getting-started-php/background-processing/app/vendor/laravel/lumen-framework/src/Concerns/RoutesRequests.php(416): Laravel\\Lumen\\Application->Laravel\\Lumen\\Concerns\\{closure}(Object(Laravel\\Lumen\\Http\\Request))
#9 /Users/betterbrent/Code/getting-started-php/background-processing/app/vendor/laravel/lumen-framework/src/Concerns/RoutesRequests.php(171): Laravel\\Lumen\\Application->sendThroughPipeline(Array, Object(Closure))
#10 /Users/betterbrent/Code/getting-started-php/background-processing/app/vendor/laravel/lumen-framework/src/Concerns/RoutesRequests.php(108): Laravel\\Lumen\\Application->dispatch(NULL)
#11 /Users/betterbrent/Code/getting-started-php/background-processing/app/index.php(67): Laravel\\Lumen\\Application->run()
#12 {main}
"} 
[2019-08-22 02:23:15] production.ERROR: Exception: Unsupported Language:  in /Users/betterbrent/Code/getting-started-php/background-processing/app/routes/web.php:44
Stack trace:
#0 [internal function]: Closure->{closure}(Object(Laravel\Lumen\Http\Request))
#1 /Users/betterbrent/Code/getting-started-php/background-processing/app/vendor/illuminate/container/BoundMethod.php(32): call_user_func_array(Object(Closure), Array)
#2 /Users/betterbrent/Code/getting-started-php/background-processing/app/vendor/illuminate/container/BoundMethod.php(78): Illuminate\Container\BoundMethod::Illuminate\Container\{closure}()
#3 /Users/betterbrent/Code/getting-started-php/background-processing/app/vendor/illuminate/container/BoundMethod.php(34): Illuminate\Container\BoundMethod::callBoundMethod(Object(Laravel\Lumen\Application), Object(Closure), Object(Closure))
#4 /Users/betterbrent/Code/getting-started-php/background-processing/app/vendor/illuminate/container/Container.php(576): Illuminate\Container\BoundMethod::call(Object(Laravel\Lumen\Application), Object(Closure), Array, NULL)
#5 /Users/betterbrent/Code/getting-started-php/background-processing/app/vendor/laravel/lumen-framework/src/Concerns/RoutesRequests.php(289): Illuminate\Container\Container->call(Object(Closure), Array)
#6 /Users/betterbrent/Code/getting-started-php/background-processing/app/vendor/laravel/lumen-framework/src/Concerns/RoutesRequests.php(263): Laravel\Lumen\Application->callActionOnArrayBasedRoute(Array)
#7 /Users/betterbrent/Code/getting-started-php/background-processing/app/vendor/laravel/lumen-framework/src/Concerns/RoutesRequests.php(165): Laravel\Lumen\Application->handleFoundRoute(Array)
#8 /Users/betterbrent/Code/getting-started-php/background-processing/app/vendor/laravel/lumen-framework/src/Concerns/RoutesRequests.php(416): Laravel\Lumen\Application->Laravel\Lumen\Concerns\{closure}(Object(Laravel\Lumen\Http\Request))
#9 /Users/betterbrent/Code/getting-started-php/background-processing/app/vendor/laravel/lumen-framework/src/Concerns/RoutesRequests.php(171): Laravel\Lumen\Application->sendThroughPipeline(Array, Object(Closure))
#10 /Users/betterbrent/Code/getting-started-php/background-processing/app/vendor/laravel/lumen-framework/src/Concerns/RoutesRequests.php(108): Laravel\Lumen\Application->dispatch(NULL)
#11 /Users/betterbrent/Code/getting-started-php/background-processing/app/index.php(67): Laravel\Lumen\Application->run()
#12 {main} {"exception":"[object] (Exception(code: 0): Unsupported Language:  at /Users/betterbrent/Code/getting-started-php/background-processing/app/routes/web.php:44)
[stacktrace]
#0 [internal function]: Closure->{closure}(Object(Laravel\\Lumen\\Http\\Request))
#1 /Users/betterbrent/Code/getting-started-php/background-processing/app/vendor/illuminate/container/BoundMethod.php(32): call_user_func_array(Object(Closure), Array)
#2 /Users/betterbrent/Code/getting-started-php/background-processing/app/vendor/illuminate/container/BoundMethod.php(78): Illuminate\\Container\\BoundMethod::Illuminate\\Container\\{closure}()
#3 /Users/betterbrent/Code/getting-started-php/background-processing/app/vendor/illuminate/container/BoundMethod.php(34): Illuminate\\Container\\BoundMethod::callBoundMethod(Object(Laravel\\Lumen\\Application), Object(Closure), Object(Closure))
#4 /Users/betterbrent/Code/getting-started-php/background-processing/app/vendor/illuminate/container/Container.php(576): Illuminate\\Container\\BoundMethod::call(Object(Laravel\\Lumen\\Application), Object(Closure), Array, NULL)
#5 /Users/betterbrent/Code/getting-started-php/background-processing/app/vendor/laravel/lumen-framework/src/Concerns/RoutesRequests.php(289): Illuminate\\Container\\Container->call(Object(Closure), Array)
#6 /Users/betterbrent/Code/getting-started-php/background-processing/app/vendor/laravel/lumen-framework/src/Concerns/RoutesRequests.php(263): Laravel\\Lumen\\Application->callActionOnArrayBasedRoute(Array)
#7 /Users/betterbrent/Code/getting-started-php/background-processing/app/vendor/laravel/lumen-framework/src/Concerns/RoutesRequests.php(165): Laravel\\Lumen\\Application->handleFoundRoute(Array)
#8 /Users/betterbrent/Code/getting-started-php/background-processing/app/vendor/laravel/lumen-framework/src/Concerns/RoutesRequests.php(416): Laravel\\Lumen\\Application->Laravel\\Lumen\\Concerns\\{closure}(Object(Laravel\\Lumen\\Http\\Request))
#9 /Users/betterbrent/Code/getting-started-php/background-processing/app/vendor/laravel/lumen-framework/src/Concerns/RoutesRequests.php(171): Laravel\\Lumen\\Application->sendThroughPipeline(Array, Object(Closure))
#10 /Users/betterbrent/Code/getting-started-php/background-processing/app/vendor/laravel/lumen-framework/src/Concerns/RoutesRequests.php(108): Laravel\\Lumen\\Application->dispatch(NULL)
#11 /Users/betterbrent/Code/getting-started-php/background-processing/app/index.php(67): Laravel\\Lumen\\Application->run()
#12 {main}
"} 
[2019-08-22 02:24:30] production.ERROR: Google\Cloud\Core\Exception\ServiceException: {
    "message": "User not authorized to perform this action.",
    "code": 7,
    "status": "PERMISSION_DENIED",
    "details": [
        {
            "@type": "google.rpc.debuginfo-bin",
            "stackEntries": [],
            "detail": "PermissionResponse.success = false for resource 'projects\/bookshelf-reloaded\/topics\/translate': "
        },
        {
            "@type": "grpc-status-details-bin",
            "data": "<Unknown Binary Data>"
        }
    ]
} in /Users/betterbrent/Code/getting-started-php/background-processing/app/vendor/google/cloud-core/src/GrpcRequestWrapper.php:257
Stack trace:
#0 /Users/betterbrent/Code/getting-started-php/background-processing/app/vendor/google/cloud-core/src/GrpcRequestWrapper.php(146): Google\Cloud\Core\GrpcRequestWrapper->convertToGoogleException(Object(Google\ApiCore\ApiException))
#1 /Users/betterbrent/Code/getting-started-php/background-processing/app/vendor/google/cloud-core/src/GrpcTrait.php(78): Google\Cloud\Core\GrpcRequestWrapper->send(Array, Array, Array)
#2 /Users/betterbrent/Code/getting-started-php/background-processing/app/vendor/google/cloud-pubsub/src/Connection/Grpc.php(199): Google\Cloud\PubSub\Connection\Grpc->send(Array, Array)
#3 /Users/betterbrent/Code/getting-started-php/background-processing/app/vendor/google/cloud-pubsub/src/Topic.php(465): Google\Cloud\PubSub\Connection\Grpc->publishMessage(Array)
#4 /Users/betterbrent/Code/getting-started-php/background-processing/app/vendor/google/cloud-pubsub/src/Topic.php(423): Google\Cloud\PubSub\Topic->publishBatch(Array, Array)
#5 /Users/betterbrent/Code/getting-started-php/background-processing/app/routes/web.php(52): Google\Cloud\PubSub\Topic->publish(Array)
#6 [internal function]: Closure->{closure}(Object(Laravel\Lumen\Http\Request))
#7 /Users/betterbrent/Code/getting-started-php/background-processing/app/vendor/illuminate/container/BoundMethod.php(32): call_user_func_array(Object(Closure), Array)
#8 /Users/betterbrent/Code/getting-started-php/background-processing/app/vendor/illuminate/container/BoundMethod.php(78): Illuminate\Container\BoundMethod::Illuminate\Container\{closure}()
#9 /Users/betterbrent/Code/getting-started-php/background-processing/app/vendor/illuminate/container/BoundMethod.php(34): Illuminate\Container\BoundMethod::callBoundMethod(Object(Laravel\Lumen\Application), Object(Closure), Object(Closure))
#10 /Users/betterbrent/Code/getting-started-php/background-processing/app/vendor/illuminate/container/Container.php(576): Illuminate\Container\BoundMethod::call(Object(Laravel\Lumen\Application), Object(Closure), Array, NULL)
#11 /Users/betterbrent/Code/getting-started-php/background-processing/app/vendor/laravel/lumen-framework/src/Concerns/RoutesRequests.php(289): Illuminate\Container\Container->call(Object(Closure), Array)
#12 /Users/betterbrent/Code/getting-started-php/background-processing/app/vendor/laravel/lumen-framework/src/Concerns/RoutesRequests.php(263): Laravel\Lumen\Application->callActionOnArrayBasedRoute(Array)
#13 /Users/betterbrent/Code/getting-started-php/background-processing/app/vendor/laravel/lumen-framework/src/Concerns/RoutesRequests.php(165): Laravel\Lumen\Application->handleFoundRoute(Array)
#14 /Users/betterbrent/Code/getting-started-php/background-processing/app/vendor/laravel/lumen-framework/src/Concerns/RoutesRequests.php(416): Laravel\Lumen\Application->Laravel\Lumen\Concerns\{closure}(Object(Laravel\Lumen\Http\Request))
#15 /Users/betterbrent/Code/getting-started-php/background-processing/app/vendor/laravel/lumen-framework/src/Concerns/RoutesRequests.php(171): Laravel\Lumen\Application->sendThroughPipeline(Array, Object(Closure))
#16 /Users/betterbrent/Code/getting-started-php/background-processing/app/vendor/laravel/lumen-framework/src/Concerns/RoutesRequests.php(108): Laravel\Lumen\Application->dispatch(NULL)
#17 /Users/betterbrent/Code/getting-started-php/background-processing/app/index.php(67): Laravel\Lumen\Application->run()
#18 {main} {"exception":"[object] (Google\\Cloud\\Core\\Exception\\ServiceException(code: 7): {
    \"message\": \"User not authorized to perform this action.\",
    \"code\": 7,
    \"status\": \"PERMISSION_DENIED\",
    \"details\": [
        {
            \"@type\": \"google.rpc.debuginfo-bin\",
            \"stackEntries\": [],
            \"detail\": \"PermissionResponse.success = false for resource 'projects\\/bookshelf-reloaded\\/topics\\/translate': \"
        },
        {
            \"@type\": \"grpc-status-details-bin\",
            \"data\": \"<Unknown Binary Data>\"
        }
    ]
} at /Users/betterbrent/Code/getting-started-php/background-processing/app/vendor/google/cloud-core/src/GrpcRequestWrapper.php:257)
[stacktrace]
#0 /Users/betterbrent/Code/getting-started-php/background-processing/app/vendor/google/cloud-core/src/GrpcRequestWrapper.php(146): Google\\Cloud\\Core\\GrpcRequestWrapper->convertToGoogleException(Object(Google\\ApiCore\\ApiException))
#1 /Users/betterbrent/Code/getting-started-php/background-processing/app/vendor/google/cloud-core/src/GrpcTrait.php(78): Google\\Cloud\\Core\\GrpcRequestWrapper->send(Array, Array, Array)
#2 /Users/betterbrent/Code/getting-started-php/background-processing/app/vendor/google/cloud-pubsub/src/Connection/Grpc.php(199): Google\\Cloud\\PubSub\\Connection\\Grpc->send(Array, Array)
#3 /Users/betterbrent/Code/getting-started-php/background-processing/app/vendor/google/cloud-pubsub/src/Topic.php(465): Google\\Cloud\\PubSub\\Connection\\Grpc->publishMessage(Array)
#4 /Users/betterbrent/Code/getting-started-php/background-processing/app/vendor/google/cloud-pubsub/src/Topic.php(423): Google\\Cloud\\PubSub\\Topic->publishBatch(Array, Array)
#5 /Users/betterbrent/Code/getting-started-php/background-processing/app/routes/web.php(52): Google\\Cloud\\PubSub\\Topic->publish(Array)
#6 [internal function]: Closure->{closure}(Object(Laravel\\Lumen\\Http\\Request))
#7 /Users/betterbrent/Code/getting-started-php/background-processing/app/vendor/illuminate/container/BoundMethod.php(32): call_user_func_array(Object(Closure), Array)
#8 /Users/betterbrent/Code/getting-started-php/background-processing/app/vendor/illuminate/container/BoundMethod.php(78): Illuminate\\Container\\BoundMethod::Illuminate\\Container\\{closure}()
#9 /Users/betterbrent/Code/getting-started-php/background-processing/app/vendor/illuminate/container/BoundMethod.php(34): Illuminate\\Container\\BoundMethod::callBoundMethod(Object(Laravel\\Lumen\\Application), Object(Closure), Object(Closure))
#10 /Users/betterbrent/Code/getting-started-php/background-processing/app/vendor/illuminate/container/Container.php(576): Illuminate\\Container\\BoundMethod::call(Object(Laravel\\Lumen\\Application), Object(Closure), Array, NULL)
#11 /Users/betterbrent/Code/getting-started-php/background-processing/app/vendor/laravel/lumen-framework/src/Concerns/RoutesRequests.php(289): Illuminate\\Container\\Container->call(Object(Closure), Array)
#12 /Users/betterbrent/Code/getting-started-php/background-processing/app/vendor/laravel/lumen-framework/src/Concerns/RoutesRequests.php(263): Laravel\\Lumen\\Application->callActionOnArrayBasedRoute(Array)
#13 /Users/betterbrent/Code/getting-started-php/background-processing/app/vendor/laravel/lumen-framework/src/Concerns/RoutesRequests.php(165): Laravel\\Lumen\\Application->handleFoundRoute(Array)
#14 /Users/betterbrent/Code/getting-started-php/background-processing/app/vendor/laravel/lumen-framework/src/Concerns/RoutesRequests.php(416): Laravel\\Lumen\\Application->Laravel\\Lumen\\Concerns\\{closure}(Object(Laravel\\Lumen\\Http\\Request))
#15 /Users/betterbrent/Code/getting-started-php/background-processing/app/vendor/laravel/lumen-framework/src/Concerns/RoutesRequests.php(171): Laravel\\Lumen\\Application->sendThroughPipeline(Array, Object(Closure))
#16 /Users/betterbrent/Code/getting-started-php/background-processing/app/vendor/laravel/lumen-framework/src/Concerns/RoutesRequests.php(108): Laravel\\Lumen\\Application->dispatch(NULL)
#17 /Users/betterbrent/Code/getting-started-php/background-processing/app/index.php(67): Laravel\\Lumen\\Application->run()
#18 {main}
"} 
